TN:
SF:src/Prices.sol
FN:101,Prices.getPrice
FNDA:15,Prices.getPrice
DA:105,15
BRDA:105,0,0,1
BRDA:105,0,1,14
DA:106,1
DA:109,14
BRDA:109,1,0,1
BRDA:109,1,1,13
DA:110,1
DA:113,13
DA:115,13
BRDA:115,2,0,1
BRDA:115,2,1,12
DA:116,1
DA:119,12
DA:120,12
DA:121,12
DA:122,12
DA:124,12
BRDA:124,3,0,1
BRDA:124,3,1,11
DA:125,1
DA:128,11
DA:130,10
DA:131,10
DA:132,18
DA:134,18
BRDA:134,4,0,1
BRDA:134,4,1,17
DA:135,1
DA:138,17
BRDA:138,5,0,1
BRDA:138,5,1,16
DA:139,1
DA:143,16
DA:144,15
BRDA:142,6,0,1
BRDA:142,6,1,15
DA:146,1
DA:149,15
DA:150,15
DA:161,15
BRDA:161,7,0,1
BRDA:161,7,1,14
DA:162,1
DA:165,14
DA:166,7
BRDA:166,8,0,1
BRDA:166,8,1,6
DA:167,1
DA:171,13
DA:173,13
DA:176,13
DA:180,5
DA:182,5
DA:184,5
FN:197,Prices.getPriceMessage
FNDA:20,Prices.getPriceMessage
DA:204,35
FN:223,Prices._validateNonce
FNDA:11,Prices._validateNonce
DA:224,11
BRDA:224,9,0,1
BRDA:224,9,1,10
DA:225,1
DA:228,10
FN:240,Prices.updateMinPrices
FNDA:0,Prices.updateMinPrices
DA:241,0
BRDA:241,10,0,-
BRDA:241,10,1,-
DA:242,0
DA:245,0
DA:247,0
FN:255,Prices.updatePriceValiditySeconds
FNDA:0,Prices.updatePriceValiditySeconds
DA:256,0
BRDA:256,11,0,-
BRDA:256,11,1,-
DA:257,0
DA:260,0
DA:262,0
FN:270,Prices.addValidSigner
FNDA:16,Prices.addValidSigner
DA:271,16
DA:273,16
FN:281,Prices.removeValidSigner
FNDA:0,Prices.removeValidSigner
DA:282,0
DA:284,0
FN:292,Prices.addFeed
FNDA:11,Prices.addFeed
DA:293,11
BRDA:293,12,0,-
BRDA:293,12,1,11
DA:294,0
DA:297,11
DA:303,11
DA:305,11
FN:313,Prices.removeFeed
FNDA:0,Prices.removeFeed
DA:314,0
DA:316,0
FN:324,Prices.updateAggregator
FNDA:2,Prices.updateAggregator
DA:325,2
BRDA:325,13,0,-
BRDA:325,13,1,2
DA:326,0
DA:329,2
DA:331,2
FN:339,Prices.updateFeeHandler
FNDA:0,Prices.updateFeeHandler
DA:340,0
BRDA:340,14,0,-
BRDA:340,14,1,-
DA:341,0
DA:344,0
DA:346,0
FN:352,Prices.turnOff
FNDA:1,Prices.turnOff
DA:353,1
DA:355,1
FN:361,Prices.turnOn
FNDA:0,Prices.turnOn
DA:362,0
DA:364,0
FN:372,Prices.updateTotalFee
FNDA:0,Prices.updateTotalFee
DA:373,0
BRDA:373,15,0,-
BRDA:373,15,1,-
DA:374,0
DA:376,0
DA:378,0
FNF:14
FNH:7
LF:76
LH:52
BRF:32
BRH:22
end_of_record
TN:
SF:src/aggregator/AverageAggregator.sol
FN:13,AverageAggregator.aggregate
FNDA:260,AverageAggregator.aggregate
DA:17,260
DA:18,260
DA:19,260
DA:20,776
DA:22,260
FNF:1
FNH:1
LF:5
LH:5
BRF:0
BRH:0
end_of_record
TN:
SF:src/aggregator/MedianAggregator.sol
FN:14,MedianAggregator.aggregate
FNDA:5,MedianAggregator.aggregate
DA:18,5
DA:19,5
BRDA:19,0,0,-
BRDA:19,0,1,5
DA:21,5
DA:22,5
DA:23,5
DA:25,8
DA:27,3
DA:28,3
DA:29,3
DA:30,6
DA:31,6
BRDA:31,1,0,-
BRDA:31,1,1,6
DA:32,6
BRDA:32,2,0,6
BRDA:32,2,1,6
DA:35,3
BRDA:35,3,0,-
BRDA:35,3,1,3
DA:38,3
DA:39,3
DA:40,3
DA:41,3
DA:42,3
DA:43,9
DA:44,9
BRDA:44,4,0,3
BRDA:44,4,1,6
DA:45,6
BRDA:45,5,0,3
BRDA:45,5,1,3
DA:46,3
DA:48,3
DA:49,3
DA:53,5
BRDA:53,6,0,-
BRDA:53,6,1,3
DA:54,2
FNF:1
FNH:1
LF:26
LH:26
BRF:14
BRH:10
end_of_record
TN:
SF:src/feeHandler/EvenFeeHandler.sol
FN:46,EvenFeeHandler.handleFees
FNDA:8,EvenFeeHandler.handleFees
DA:50,8
DA:51,8
BRDA:51,0,0,1
BRDA:51,0,1,7
DA:52,1
DA:55,7
DA:56,7
DA:58,7
DA:60,7
DA:61,16
DA:64,7
FN:76,EvenFeeHandler._safeTransferETH
FNDA:23,EvenFeeHandler._safeTransferETH
DA:77,23
DA:78,23
BRDA:78,1,0,-
BRDA:78,1,1,23
DA:79,0
FN:92,EvenFeeHandler.updateProtocolFeePortion
FNDA:3,EvenFeeHandler.updateProtocolFeePortion
DA:93,2
BRDA:93,2,0,1
BRDA:93,2,1,1
DA:94,1
DA:97,1
DA:99,1
FN:107,EvenFeeHandler.updateProtocolFeeReceiver
FNDA:2,EvenFeeHandler.updateProtocolFeeReceiver
DA:108,1
DA:110,1
FNF:4
FNH:4
LF:18
LH:17
BRF:6
BRH:5
end_of_record
