TN:
SF:script/pushPrice.s.sol
FN:12,OracleScript.run
FNDA:0,OracleScript.run
DA:13,0
DA:14,0
DA:17,0
DA:18,0
DA:20,0
FNF:1
FNH:0
LF:5
LH:0
BRF:0
BRH:0
end_of_record
TN:
SF:src/Oracle.sol
FN:99,Oracle.verifyData
FNDA:23,Oracle.verifyData
DA:102,23
BRDA:102,0,0,1
BRDA:102,0,1,22
DA:103,1
DA:106,22
DA:108,22
BRDA:108,1,0,1
BRDA:108,1,1,21
DA:109,1
DA:112,21
DA:114,21
BRDA:114,2,0,2
BRDA:114,2,1,19
DA:115,2
DA:118,19
BRDA:118,3,0,1
BRDA:118,3,1,18
DA:119,1
DA:123,18
DA:125,18
BRDA:125,4,0,1
BRDA:125,4,1,17
DA:126,1
DA:129,17
BRDA:129,5,0,1
BRDA:129,5,1,16
DA:130,1
DA:133,16
DA:134,16
DA:136,15
DA:137,15
DA:138,15
DA:140,15
DA:141,29
DA:143,29
BRDA:143,6,0,1
BRDA:143,6,1,28
DA:144,1
DA:147,28
BRDA:147,7,0,1
BRDA:147,7,1,27
DA:148,1
DA:152,27
DA:153,26
BRDA:151,8,0,2
BRDA:151,8,1,25
DA:155,2
DA:158,25
DA:159,25
DA:164,25
BRDA:164,9,0,1
BRDA:164,9,1,24
DA:165,1
DA:168,24
DA:169,15
BRDA:169,10,0,1
BRDA:169,10,1,14
DA:170,1
DA:174,14
DA:178,23
DA:180,23
DA:183,23
DA:187,9
DA:189,9
BRDA:189,11,0,1
BRDA:189,11,1,9
DA:190,1
DA:193,9
DA:199,9
FN:211,Oracle.getMessage
FNDA:35,Oracle.getMessage
DA:214,60
FN:230,Oracle.getFeed
FNDA:35,Oracle.getFeed
DA:231,35
FN:246,Oracle._validateNonce
FNDA:16,Oracle._validateNonce
DA:247,16
BRDA:247,12,0,1
BRDA:247,12,1,15
DA:248,1
DA:251,15
FN:272,Oracle._safeTransferETH
FNDA:1,Oracle._safeTransferETH
DA:273,1
DA:274,1
BRDA:274,13,0,-
BRDA:274,13,1,1
DA:275,0
FN:284,Oracle._setProtocolFeeReceiver
FNDA:2,Oracle._setProtocolFeeReceiver
DA:285,2
BRDA:285,14,0,1
BRDA:285,14,1,1
DA:286,1
DA:289,1
DA:291,1
FN:302,Oracle.addFeed
FNDA:24,Oracle.addFeed
DA:305,24
BRDA:305,15,0,1
BRDA:305,15,1,23
DA:306,1
DA:308,23
DA:310,23
DA:311,23
DA:312,23
DA:314,23
DA:315,33
DA:317,33
DA:320,23
FN:329,Oracle.updateDataProviderQuorum
FNDA:3,Oracle.updateDataProviderQuorum
DA:333,2
BRDA:333,16,0,1
BRDA:333,16,1,1
DA:334,1
DA:337,1
DA:339,1
FN:348,Oracle.updateDataValiditySeconds
FNDA:3,Oracle.updateDataValiditySeconds
DA:352,2
BRDA:352,17,0,1
BRDA:352,17,1,1
DA:353,1
DA:356,1
DA:358,1
FN:367,Oracle.updateTotalFee
FNDA:4,Oracle.updateTotalFee
DA:368,3
BRDA:368,18,0,1
BRDA:368,18,1,2
DA:369,1
DA:371,2
DA:373,2
FN:382,Oracle.addDataProvider
FNDA:3,Oracle.addDataProvider
DA:383,2
DA:385,2
FN:394,Oracle.removeDataProvider
FNDA:2,Oracle.removeDataProvider
DA:395,1
DA:397,1
FN:405,Oracle.turnOffFeed
FNDA:4,Oracle.turnOffFeed
DA:406,3
DA:408,3
FN:416,Oracle.turnOnFeed
FNDA:2,Oracle.turnOnFeed
DA:417,1
DA:419,1
FN:428,Oracle.updateAggregator
FNDA:4,Oracle.updateAggregator
DA:429,3
BRDA:429,19,0,1
BRDA:429,19,1,2
DA:430,1
DA:433,2
DA:435,2
FN:444,Oracle.updateFeeHandler
FNDA:3,Oracle.updateFeeHandler
DA:445,2
BRDA:445,20,0,1
BRDA:445,20,1,1
DA:446,1
DA:449,1
DA:451,1
FN:460,Oracle.adminTurnOffOracle
FNDA:4,Oracle.adminTurnOffOracle
DA:461,3
DA:463,3
FN:469,Oracle.adminTurnOnOracle
FNDA:2,Oracle.adminTurnOnOracle
DA:470,1
DA:472,1
FN:480,Oracle.adminTurnOffFeed
FNDA:4,Oracle.adminTurnOffFeed
DA:481,3
DA:483,3
FN:491,Oracle.adminTurnOnFeed
FNDA:2,Oracle.adminTurnOnFeed
DA:492,1
DA:494,1
FN:502,Oracle.adminSetProtocolFee
FNDA:4,Oracle.adminSetProtocolFee
DA:503,3
BRDA:503,21,0,1
BRDA:503,21,1,2
DA:504,1
DA:507,2
DA:509,2
FN:517,Oracle.adminSetProtocolFeeReceiver
FNDA:3,Oracle.adminSetProtocolFeeReceiver
DA:518,2
FNF:22
FNH:22
LF:108
LH:107
BRF:44
BRH:43
end_of_record
TN:
SF:src/aggregator/AverageAggregator.sol
FN:23,AverageAggregator.aggregate
FNDA:264,AverageAggregator.aggregate
DA:27,264
DA:28,264
BRDA:28,0,0,1
BRDA:28,0,1,263
DA:29,1
DA:32,263
DA:33,263
DA:34,783
DA:37,783
DA:41,263
FNF:1
FNH:1
LF:8
LH:8
BRF:2
BRH:2
end_of_record
TN:
SF:src/aggregator/MedianAggregator.sol
FN:24,MedianAggregator.aggregate
FNDA:13,MedianAggregator.aggregate
DA:28,13
DA:30,13
BRDA:30,0,0,1
BRDA:30,0,1,12
DA:31,1
DA:34,12
DA:35,12
DA:36,12
DA:38,26
DA:40,15
DA:41,15
DA:42,15
DA:43,49
DA:44,49
BRDA:44,1,0,3
BRDA:44,1,1,49
DA:45,49
BRDA:45,2,0,32
BRDA:45,2,1,49
DA:48,49
DA:52,15
BRDA:52,3,0,1
BRDA:52,3,1,14
DA:55,14
DA:56,14
DA:57,14
DA:58,14
DA:59,14
DA:60,58
DA:61,58
BRDA:61,4,0,14
BRDA:61,4,1,44
DA:62,44
BRDA:62,5,0,14
BRDA:62,5,1,30
DA:63,30
DA:66,58
DA:69,14
DA:70,14
DA:74,11
FNF:1
FNH:1
LF:28
LH:28
BRF:12
BRH:12
end_of_record
TN:
SF:src/examples/OracleUserExample.sol
FN:32,OraclePriceExample.callProtocolFunctionWithUpshotOraclePrice
FNDA:0,OraclePriceExample.callProtocolFunctionWithUpshotOraclePrice
DA:36,0
DA:38,0
FN:41,OraclePriceExample._protocolFunctionRequiringPrice
FNDA:0,OraclePriceExample._protocolFunctionRequiringPrice
FN:54,OraclePriceExample.setUpshotOracleContract
FNDA:0,OraclePriceExample.setUpshotOracleContract
DA:55,0
FNF:3
FNH:0
LF:3
LH:0
BRF:0
BRH:0
end_of_record
TN:
SF:src/feeHandler/EvenFeeHandler.sol
FN:43,EvenFeeHandler.handleFees
FNDA:14,EvenFeeHandler.handleFees
DA:48,14
DA:50,14
BRDA:50,0,0,1
BRDA:50,0,1,13
DA:51,1
DA:54,13
BRDA:54,1,0,1
BRDA:54,1,1,12
DA:55,1
DA:59,12
DA:61,12
DA:62,12
DA:64,12
DA:66,12
DA:67,28
DA:70,28
DA:74,12
FN:80,EvenFeeHandler.claimFees
FNDA:4,EvenFeeHandler.claimFees
DA:81,4
DA:82,4
DA:84,4
DA:86,4
FN:99,EvenFeeHandler._safeTransferETH
FNDA:4,EvenFeeHandler._safeTransferETH
DA:100,4
DA:101,4
BRDA:101,2,0,-
BRDA:101,2,1,4
DA:102,0
FN:115,EvenFeeHandler.updateProtocolFeedOwnerPortion
FNDA:3,EvenFeeHandler.updateProtocolFeedOwnerPortion
DA:116,2
BRDA:116,3,0,1
BRDA:116,3,1,1
DA:117,1
DA:120,1
DA:122,1
FNF:4
FNH:4
LF:24
LH:23
BRF:8
BRH:7
end_of_record
